# JRE version: OpenJDK Runtime Environment (21.0.7) (build 21.0.7+-13880790-b1038.58)
# Java VM: OpenJDK 64-Bit Server VM (21.0.7+-13880790-b1038.58, mixed mode, tiered, compressed oops, compressed class ptrs, g1 gc, windows-amd64)
GC Precious Log:
 CardTable entry size: 512
 Card Set container configuration: InlinePtr #cards 5 size 8 Array Of Cards #cards 12 size 40 Howl #buckets 4 coarsen threshold 1843 Howl Bitmap #cards 512 size 80 coarsen threshold 460 Card regions per heap region 1 cards per card region 2048
 CPUs: 4 total, 4 available
 Memory: 10116M
 Large Page Support: Disabled
 NUMA Support: Disabled
 Compressed Oops: Enabled (32-bit)
 Heap Region Size: 1M
 Heap Min Capacity: 8M
 Heap Initial Capacity: 160M
 Heap Max Capacity: 2G
 Pre-touch: Disabled
 Parallel Workers: 4
 Concurrent Workers: 1
 Concurrent Refinement Workers: 4
 Periodic GC: Disabled
Heap:
 garbage-first heap   total 438272K, used 281421K [0x0000000080000000, 0x0000000100000000)
  region size 1024K, 110 young (112640K), 2 survivors (2048K)
 Metaspace       used 166843K, committed 168448K, reserved 1245184K
  class space    used 22416K, committed 23296K, reserved 1048576K
GC Heap History (20 events):
Event: 9487.222 GC heap before
{Heap before GC invocations=105 (full 0):
 garbage-first heap   total 388096K, used 344576K [0x0000000080000000, 0x0000000100000000)
  region size 1024K, 186 young (190464K), 12 survivors (12288K)
 Metaspace       used 159680K, committed 161792K, reserved 1245184K
  class space    used 21161K, committed 22528K, reserved 1048576K
}
Event: 9487.266 GC heap after
{Heap after GC invocations=106 (full 0):
 garbage-first heap   total 388096K, used 175431K [0x0000000080000000, 0x0000000100000000)
  region size 1024K, 24 young (24576K), 24 survivors (24576K)
 Metaspace       used 159680K, committed 161792K, reserved 1245184K
  class space    used 21161K, committed 22528K, reserved 1048576K
}
Event: 9489.080 GC heap before
{Heap before GC invocations=106 (full 0):
 garbage-first heap   total 388096K, used 201031K [0x0000000080000000, 0x0000000100000000)
  region size 1024K, 51 young (52224K), 24 survivors (24576K)
 Metaspace       used 159731K, committed 161856K, reserved 1245184K
  class space    used 21161K, committed 22528K, reserved 1048576K
}
Event: 9489.110 GC heap after
{Heap after GC invocations=107 (full 0):
 garbage-first heap   total 388096K, used 177152K [0x0000000080000000, 0x0000000100000000)
  region size 1024K, 2 young (2048K), 2 survivors (2048K)
 Metaspace       used 159731K, committed 161856K, reserved 1245184K
  class space    used 21161K, committed 22528K, reserved 1048576K
}
Event: 10410.514 GC heap before
{Heap before GC invocations=108 (full 0):
 garbage-first heap   total 388096K, used 377856K [0x0000000080000000, 0x0000000100000000)
  region size 1024K, 175 young (179200K), 2 survivors (2048K)
 Metaspace       used 159925K, committed 161984K, reserved 1245184K
  class space    used 21171K, committed 22528K, reserved 1048576K
}
Event: 10410.524 GC heap after
{Heap after GC invocations=109 (full 0):
 garbage-first heap   total 388096K, used 170261K [0x0000000080000000, 0x0000000100000000)
  region size 1024K, 2 young (2048K), 2 survivors (2048K)
 Metaspace       used 159925K, committed 161984K, reserved 1245184K
  class space    used 21171K, committed 22528K, reserved 1048576K
}
Event: 11439.712 GC heap before
{Heap before GC invocations=109 (full 0):
 garbage-first heap   total 398336K, used 390421K [0x0000000080000000, 0x0000000100000000)
  region size 1024K, 188 young (192512K), 2 survivors (2048K)
 Metaspace       used 160179K, committed 162240K, reserved 1245184K
  class space    used 21177K, committed 22528K, reserved 1048576K
}
Event: 11439.756 GC heap after
{Heap after GC invocations=110 (full 0):
 garbage-first heap   total 410624K, used 177051K [0x0000000080000000, 0x0000000100000000)
  region size 1024K, 16 young (16384K), 16 survivors (16384K)
 Metaspace       used 160179K, committed 162240K, reserved 1245184K
  class space    used 21177K, committed 22528K, reserved 1048576K
}
Event: 11528.392 GC heap before
{Heap before GC invocations=110 (full 0):
 garbage-first heap   total 410624K, used 350107K [0x0000000080000000, 0x0000000100000000)
  region size 1024K, 187 young (191488K), 16 survivors (16384K)
 Metaspace       used 160458K, committed 162560K, reserved 1245184K
  class space    used 21203K, committed 22528K, reserved 1048576K
}
Event: 11528.423 GC heap after
{Heap after GC invocations=111 (full 0):
 garbage-first heap   total 410624K, used 180257K [0x0000000080000000, 0x0000000100000000)
  region size 1024K, 17 young (17408K), 17 survivors (17408K)
 Metaspace       used 160458K, committed 162560K, reserved 1245184K
  class space    used 21203K, committed 22528K, reserved 1048576K
}
Event: 12157.726 GC heap before
{Heap before GC invocations=112 (full 0):
 garbage-first heap   total 410624K, used 400417K [0x0000000080000000, 0x0000000100000000)
  region size 1024K, 203 young (207872K), 17 survivors (17408K)
 Metaspace       used 160508K, committed 162560K, reserved 1245184K
  class space    used 21175K, committed 22528K, reserved 1048576K
}
Event: 12157.764 GC heap after
{Heap after GC invocations=113 (full 0):
 garbage-first heap   total 422912K, used 183525K [0x0000000080000000, 0x0000000100000000)
  region size 1024K, 17 young (17408K), 17 survivors (17408K)
 Metaspace       used 160508K, committed 162560K, reserved 1245184K
  class space    used 21175K, committed 22528K, reserved 1048576K
}
Event: 12597.870 GC heap before
{Heap before GC invocations=113 (full 0):
 garbage-first heap   total 422912K, used 411877K [0x0000000080000000, 0x0000000100000000)
  region size 1024K, 211 young (216064K), 17 survivors (17408K)
 Metaspace       used 160754K, committed 162816K, reserved 1245184K
  class space    used 21177K, committed 22528K, reserved 1048576K
}
Event: 12597.905 GC heap after
{Heap after GC invocations=114 (full 0):
 garbage-first heap   total 436224K, used 176585K [0x0000000080000000, 0x0000000100000000)
  region size 1024K, 19 young (19456K), 19 survivors (19456K)
 Metaspace       used 160754K, committed 162816K, reserved 1245184K
  class space    used 21177K, committed 22528K, reserved 1048576K
}
Event: 12601.565 GC heap before
{Heap before GC invocations=114 (full 0):
 garbage-first heap   total 436224K, used 316873K [0x0000000080000000, 0x0000000100000000)
  region size 1024K, 158 young (161792K), 19 survivors (19456K)
 Metaspace       used 160843K, committed 162880K, reserved 1245184K
  class space    used 21177K, committed 22528K, reserved 1048576K
}
Event: 12601.586 GC heap after
{Heap after GC invocations=115 (full 0):
 garbage-first heap   total 436224K, used 175104K [0x0000000080000000, 0x0000000100000000)
  region size 1024K, 2 young (2048K), 2 survivors (2048K)
 Metaspace       used 160843K, committed 162880K, reserved 1245184K
  class space    used 21177K, committed 22528K, reserved 1048576K
}
Event: 13252.782 GC heap before
{Heap before GC invocations=116 (full 0):
 garbage-first heap   total 436224K, used 430080K [0x0000000080000000, 0x0000000100000000)
  region size 1024K, 222 young (227328K), 2 survivors (2048K)
 Metaspace       used 161450K, committed 163456K, reserved 1245184K
  class space    used 21254K, committed 22528K, reserved 1048576K
}
Event: 13252.793 GC heap after
{Heap after GC invocations=117 (full 0):
 garbage-first heap   total 436224K, used 178122K [0x0000000080000000, 0x0000000100000000)
  region size 1024K, 5 young (5120K), 5 survivors (5120K)
 Metaspace       used 161450K, committed 163456K, reserved 1245184K
  class space    used 21254K, committed 22528K, reserved 1048576K
}
Event: 13267.093 GC heap before
{Heap before GC invocations=117 (full 0):
 garbage-first heap   total 436224K, used 434122K [0x0000000080000000, 0x0000000100000000)
  region size 1024K, 226 young (231424K), 5 survivors (5120K)
 Metaspace       used 161643K, committed 163648K, reserved 1245184K
  class space    used 21267K, committed 22528K, reserved 1048576K
}
Event: 13267.100 GC heap after
{Heap after GC invocations=118 (full 0):
 garbage-first heap   total 438272K, used 172877K [0x0000000080000000, 0x0000000100000000)
  region size 1024K, 2 young (2048K), 2 survivors (2048K)
 Metaspace       used 161643K, committed 163648K, reserved 1245184K
  class space    used 21267K, committed 22528K, reserved 1048576K
}

